Messages
========

etc\setup.py
  Line: None
    pyroma: PYR01 / Your package does not have name data!
    pyroma: PYR02 / Your package does not have version data!
    pyroma: PYR03 / The version number should be a string.
    pyroma: PYR04 / The package's version number does not comply with PEP-386 or PEP-440.
    pyroma: PYR05 / The package had no description!
    pyroma: PYR06 / The package's long_description is quite short.
    pyroma: PYR07 / Your package does not have classifiers data.
    pyroma: PYR08 / You should specify what Python versions you support.
    pyroma: PYR09 / Your package does not have keywords data.
    pyroma: PYR10 / Your package does not have author data.
    pyroma: PYR11 / Your package does not have author_email data.
    pyroma: PYR12 / Your package should have a 'url' field with a link to the project home page, or a 'project_urls' field, with a dictionary of links, or both.
    pyroma: PYRUNKNOWN / Your package does neither have a license field nor any license classifiers.
    pyroma: PYRUNKNOWN / Specifying a development status in the classifiers gives users a hint of how stable your software is.

src\seodeploy\lib\__init__.py
  Line: 39
    pep257: D107 / Missing docstring in __init__
  Line: 51
    pep8: E303 / too many blank lines (2) (col 5)
    pep8: E303 / too many blank lines (2) (col 5)
  Line: 81
    pep8: E303 / too many blank lines (2) (col 5)
    pep8: E303 / too many blank lines (2) (col 5)
  Line: 91
    pep8: E303 / too many blank lines (2) (col 5)
    pep8: E303 / too many blank lines (2) (col 5)

src\seodeploy\lib\cli.py
  Line: 46
    pep257: D209 / Multi-line docstring closing quotes should be on a separate line
    pep257: D213 / Multi-line docstring summary should start at the second line
    pep257: D415 / First line should end with a period, question mark, or exclamation point (not 'o')
  Line: 48
    pylint: unnecessary-pass / Unnecessary pass statement (col 4)
  Line: 63
    pep257: D201 / No blank lines allowed before function docstring (found 1)
    pep257: D202 / No blank lines allowed after function docstring (found 1)
    pep257: D213 / Multi-line docstring summary should start at the second line
    pep257: D413 / Missing blank line after last section ('Parameters')
  Line: 95
    pep8: E303 / too many blank lines (3) (col 5)
    pep8: E303 / too many blank lines (3) (col 5)
  Line: 104
    pep257: D201 / No blank lines allowed before function docstring (found 1)
    pep257: D202 / No blank lines allowed after function docstring (found 1)
    pep257: D213 / Multi-line docstring summary should start at the second line
    pep257: D415 / First line should end with a period, question mark, or exclamation point (not 'n')
    pep257: D413 / Missing blank line after last section ('Parameters')

src\seodeploy\lib\comparison.py
  Line: 29
    pylint: unused-import / Unused StrategyNotImplemented imported from exceptions
  Line: 35
    pep8: E303 / too many blank lines (3) (col 1)
    pep8: E303 / too many blank lines (3) (col 1)
  Line: 36
    pep257: D203 / 1 blank line required before class docstring (found 0)
    pep257: D213 / Multi-line docstring summary should start at the second line
    pep257: D415 / First line should end with a period, question mark, or exclamation point (not 't')
  Line: 41
    pep257: D107 / Missing docstring in __init__
  Line: 45
    pep8: E303 / too many blank lines (2) (col 5)
    pep8: E303 / too many blank lines (2) (col 5)
    pylint: too-many-arguments / Too many arguments (6/5) (col 4)
    pylint: invalid-name / Argument name "d1" doesn't conform to snake_case naming style (col 4)
  Line: 47
    pep257: D201 / No blank lines allowed before function docstring (found 1)
    pep257: D210 / No whitespaces allowed surrounding docstring text
    pep257: D213 / Multi-line docstring summary should start at the second line
    pep257: D415 / First line should end with a period, question mark, or exclamation point (not ':')
    pep257: D208 / Docstring is over-indented
  Line: 68
    pylint: no-else-raise / Unnecessary "elif" after "raise" (col 8)
    pylint: unidiomatic-typecheck / Using type() instead of isinstance() for a typecheck. (col 11)
  Line: 69
    pep8: E501 / line too long (121 > 120 characters) (col 121)
  Line: 72
    pylint: consider-merging-isinstance / Consider merging these isinstance calls to isinstance(d1, (list, set)) (col 13)
  Line: 80
    pep8: E303 / too many blank lines (2) (col 5)
    pep8: E303 / too many blank lines (2) (col 5)
  Line: 84
    pep8: E303 / too many blank lines (2) (col 5)
    pep8: E303 / too many blank lines (2) (col 5)
  Line: 88
    pep8: E303 / too many blank lines (2) (col 5)
    pep8: E303 / too many blank lines (2) (col 5)
    pylint: too-many-arguments / Too many arguments (7/5) (col 4)
    pylint: invalid-name / Argument name "l1" doesn't conform to snake_case naming style (col 4)
  Line: 92
    pylint: invalid-name / Variable name "d1" doesn't conform to snake_case naming style (col 8)
  Line: 97
    pep8: E303 / too many blank lines (2) (col 5)
    pep8: E303 / too many blank lines (2) (col 5)
    pylint: invalid-name / Argument name "d1" doesn't conform to snake_case naming style (col 4)
  Line: 106
    pylint: unnecessary-pass / Unnecessary pass statement (col 12)
  Line: 113
    pep8: E303 / too many blank lines (2) (col 9)
    pep8: E303 / too many blank lines (2) (col 9)
  Line: 118
    pep8: E303 / too many blank lines (2) (col 5)
    pep8: E303 / too many blank lines (2) (col 5)
  Line: 123
    pylint: redefined-outer-name / Redefining name 'diff' from outer scope (line 26) (col 12)
    pyflakes: F402 / import 'diff' from line 26 shadowed by loop variable (col 13)
  Line: 131
    pep8: E501 / line too long (124 > 120 characters) (col 121)
  Line: 142
    pep8: E501 / line too long (122 > 120 characters) (col 121)
  Line: 157
    pep8: E303 / too many blank lines (2) (col 5)
    pep8: E303 / too many blank lines (2) (col 5)
  Line: 158
    pylint: invalid-name / Argument name "l1" doesn't conform to snake_case naming style (col 4)
  Line: 159
    pep257: D213 / Multi-line docstring summary should start at the second line
    pep257: D405 / Section name should be properly capitalized ('Parameters', not 'parameters')
    pep257: D214 / Section is over-indented ('Parameters')
    pep257: D413 / Missing blank line after last section ('Parameters')
    pep257: D411 / Missing blank line before section ('Parameters')
    pep257: D407 / Missing dashed underline after section ('Parameters')
    pep257: D406 / Section name should end with a newline ('Parameters', not 'parameters:')
    pep257: D417 / Missing argument descriptions in the docstring (argument(s) content_attr, key_attr, l1, l2 are missing descriptions in '_l2d' docstring)
    pep257: D208 / Docstring is over-indented
  Line: 166
    pylint: invalid-name / Variable name "d1" doesn't conform to snake_case naming style (col 8)
  Line: 168
    pylint: invalid-name / Argument name "c" doesn't conform to snake_case naming style (col 8)
  Line: 184
    pep8: E303 / too many blank lines (2) (col 9)
    pep8: E303 / too many blank lines (2) (col 9)
    pep8: E231 / missing whitespace after ',' (col 18)

src\seodeploy\lib\config.py
  Line: 33
    pep257: D211 / No blank lines allowed before class docstring (found 1)
    pep257: D210 / No whitespaces allowed surrounding docstring text
    pep257: D213 / Multi-line docstring summary should start at the second line
  Line: 41
    pep257: D107 / Missing docstring in __init__
  Line: 52
    pep8: E303 / too many blank lines (2) (col 5)
    pep8: E303 / too many blank lines (2) (col 5)
  Line: 63
    pep8: E303 / too many blank lines (2) (col 5)
    pep8: E303 / too many blank lines (2) (col 5)
  Line: 94
    pep257: D105 / Missing docstring in magic method
    pep8: E303 / too many blank lines (2) (col 5)
    pep8: E303 / too many blank lines (2) (col 5)
  Line: 98
    pep257: D105 / Missing docstring in magic method
    pep8: E303 / too many blank lines (2) (col 5)
    pep8: E303 / too many blank lines (2) (col 5)

src\seodeploy\lib\exceptions.py
  Line: 27
    pep257: D203 / 1 blank line required before class docstring (found 0)
    pep257: D204 / 1 blank line required after class docstring (found 0)
  Line: 32
    pep257: D203 / 1 blank line required before class docstring (found 0)
    pep257: D204 / 1 blank line required after class docstring (found 0)
  Line: 37
    pep257: D203 / 1 blank line required before class docstring (found 0)
    pep257: D204 / 1 blank line required after class docstring (found 0)
  Line: 40
    pep8: E302 / expected 2 blank lines, found 1 (col 1)
    pep8: E302 / expected 2 blank lines, found 1 (col 1)
  Line: 41
    pep257: D203 / 1 blank line required before class docstring (found 0)
    pep257: D204 / 1 blank line required after class docstring (found 0)
  Line: 44
    pep8: E302 / expected 2 blank lines, found 1 (col 1)
    pep8: E302 / expected 2 blank lines, found 1 (col 1)
  Line: 45
    pep257: D203 / 1 blank line required before class docstring (found 0)
    pep257: D204 / 1 blank line required after class docstring (found 0)
    pep257: D300 / Use """triple double quotes""" (found '''-quotes)

src\seodeploy\lib\helpers.py
  Line: 36
    pep257: D201 / No blank lines allowed before function docstring (found 1)
    pep257: D202 / No blank lines allowed after function docstring (found 1)
    pep257: D213 / Multi-line docstring summary should start at the second line
    pep257: D413 / Missing blank line after last section ('Parameters')
  Line: 85
    pep8: E303 / too many blank lines (3) (col 1)
    pep8: E303 / too many blank lines (3) (col 1)

src\seodeploy\lib\logging.py
  Line: 35
    pep8: E303 / too many blank lines (4) (col 1)
    pep8: E303 / too many blank lines (4) (col 1)
  Line: 59
    pep257: D212 / Multi-line docstring summary should start at the first line
    pep257: D415 / First line should end with a period, question mark, or exclamation point (not '0')

src\seodeploy\lib\modules.py
  Line: 42
    pep257: D107 / Missing docstring in __init__
  Line: 52
    pep8: E303 / too many blank lines (2) (col 5)
    pep8: E303 / too many blank lines (2) (col 5)
  Line: 54
    pep257: D201 / No blank lines allowed before function docstring (found 1)
    pep257: D202 / No blank lines allowed after function docstring (found 1)
    pep257: D212 / Multi-line docstring summary should start at the first line
    pep257: D415 / First line should end with a period, question mark, or exclamation point (not 's')
  Line: 62
    pylint: no-else-return / Unnecessary "else" after "return" (col 8)
  Line: 66
    pylint: too-many-function-args / Too many positional arguments for constructor call (col 25)
  Line: 68
    pylint: unused-variable / Unused variable 'get' (col 12)
  Line: 71
    pylint: bare-except / No exception type(s) specified (col 16)
  Line: 76
    pylint: undefined-variable / Undefined variable 'data' (col 28)
  Line: 86
    pylint: invalid-name / Variable name "e" doesn't conform to snake_case naming style (col 24)
  Line: 92
    pep8: E303 / too many blank lines (2) (col 13)
    pep8: E303 / too many blank lines (2) (col 13)
  Line: 99
    pep8: E303 / too many blank lines (3) (col 5)
    pep8: E303 / too many blank lines (3) (col 5)
  Line: 102
    pep8: E221 / multiple spaces before operator (col 12)
    pep8: E221 / multiple spaces before operator (col 12)
    pylint: bad-whitespace / Exactly one space required before assignment
        loc  = mapping['loc']
             ^ (col 13)
  Line: 103
    pylint: undefined-variable / Undefined variable 'get' (col 14)
  Line: 104
    pylint: undefined-variable / Undefined variable 'get' (col 13)
    pylint: invalid-name / Variable name "d1" doesn't conform to snake_case naming style (col 8)
  Line: 105
    pylint: undefined-variable / Undefined variable 'get' (col 13)
    pylint: invalid-name / Variable name "d2" doesn't conform to snake_case naming style (col 8)
  Line: 111
    pylint: undefined-variable / Undefined variable 'path' (col 39)
  Line: 113
    pylint: undefined-variable / Undefined variable 'path' (col 35)
  Line: 123
    pep8: E303 / too many blank lines (2) (col 5)
    pep8: E303 / too many blank lines (2) (col 5)
  Line: 124
    pep257: D210 / No whitespaces allowed surrounding docstring text
    pep257: D213 / Multi-line docstring summary should start at the second line
    pep257: D415 / First line should end with a period, question mark, or exclamation point (not 'f')
    pep257: D208 / Docstring is over-indented
  Line: 137
    pylint: redefined-builtin / Redefining built-in 'id' (col 16)
    pylint: invalid-name / Variable name "id" doesn't conform to snake_case naming style (col 16)
  Line: 139
    pep8: E265 / block comment should start with '# ' (col 17)
    pep8: E265 / block comment should start with '# ' (col 17)
  Line: 140
    pep8: E231 / missing whitespace after ':' (col 24)
    pylint: invalid-name / Variable name "id" doesn't conform to snake_case naming style (col 16)
  Line: 149
    pep8: E303 / too many blank lines (2) (col 5)
    pep8: E303 / too many blank lines (2) (col 5)
  Line: 155
    pep8: E303 / too many blank lines (4) (col 1)
    pep8: E303 / too many blank lines (4) (col 1)
  Line: 157
    pep257: D107 / Missing docstring in __init__
  Line: 171
    pep8: E303 / too many blank lines (2) (col 5)
    pep8: E303 / too many blank lines (2) (col 5)
  Line: 180
    pep8: E303 / too many blank lines (2) (col 5)
    pep8: E303 / too many blank lines (2) (col 5)
  Line: 187
    pep8: E303 / too many blank lines (2) (col 5)
    pep8: E303 / too many blank lines (2) (col 5)

src\seodeploy\lib\sampling.py
  Line: 41
    pep8: E303 / too many blank lines (4) (col 1)
    pep8: E303 / too many blank lines (4) (col 1)
  Line: 75
    pep8: E303 / too many blank lines (3) (col 1)
    pep8: E303 / too many blank lines (3) (col 1)
  Line: 112
    pep8: E303 / too many blank lines (3) (col 1)
    pep8: E303 / too many blank lines (3) (col 1)

src\seodeploy\main.py
  Line: 28
    pyflakes: F401 / '.__version__' imported but unused (col 1)

src\seodeploy\modules\contentking\__init__.py
  Line: 36
    pep257: D107 / Missing docstring in __init__
  Line: 45
    pep8: E303 / too many blank lines (2) (col 5)
    pep8: E303 / too many blank lines (2) (col 5)
    pep8: E303 / too many blank lines (2) (col 5)
    pylint: arguments-differ / Parameters differ from overridden 'run' method (col 4)
    pylint: arguments-differ / Parameters differ from overridden 'run' method (col 4)
  Line: 60
    pep8: E303 / too many blank lines (2) (col 5)
    pep8: E303 / too many blank lines (2) (col 5)
    pep8: E303 / too many blank lines (2) (col 5)
  Line: 79
    pep8: E303 / too many blank lines (2) (col 9)
    pep8: E303 / too many blank lines (2) (col 9)
    pep8: E303 / too many blank lines (2) (col 9)

src\seodeploy\modules\contentking\exceptions.py
  Line: 27
    pep257: D203 / 1 blank line required before class docstring (found 0)
    pep257: D204 / 1 blank line required after class docstring (found 0)
  Line: 32
    pep257: D203 / 1 blank line required before class docstring (found 0)
    pep257: D204 / 1 blank line required after class docstring (found 0)

src\seodeploy\modules\contentking\functions.py
  Line: 42
    pep257: D212 / Multi-line docstring summary should start at the first line
    pep257: D300 / Use """triple double quotes""" (found '''-quotes)
    pep257: D405 / Section name should be properly capitalized ('Todo', not 'TODO')
    pep257: D214 / Section is over-indented ('Todo')
    pep257: D407 / Missing dashed underline after section ('Todo')
    pep257: D208 / Docstring is over-indented
  Line: 129
    pep8: E303 / too many blank lines (2) (col 5)
    pep8: E303 / too many blank lines (2) (col 5)
    pep8: E303 / too many blank lines (2) (col 5)
  Line: 237
    pylint: too-many-branches / Too many branches (24/15)
  Line: 239
    pep257: D201 / No blank lines allowed before function docstring (found 1)
    pep257: D202 / No blank lines allowed after function docstring (found 1)
    pep257: D213 / Multi-line docstring summary should start at the second line
    pep257: D413 / Missing blank line after last section ('Parameters')
    pep257: D417 / Missing argument descriptions in the docstring (argument(s) config are missing descriptions in 'run_path_pings' docstring)
  Line: 297
    pep257: D201 / No blank lines allowed before function docstring (found 1)
    pep257: D202 / No blank lines allowed after function docstring (found 1)
    pep257: D213 / Multi-line docstring summary should start at the second line
    pep257: D208 / Docstring is over-indented
  Line: 342
    pep257: D200 / One-line docstring should fit on one line with quotes (found 3)
    pep257: D201 / No blank lines allowed before function docstring (found 1)
    pep257: D202 / No blank lines allowed after function docstring (found 1)
    pep257: D213 / Multi-line docstring summary should start at the second line
  Line: 357
    pep257: D201 / No blank lines allowed before function docstring (found 1)
    pep257: D202 / No blank lines allowed after function docstring (found 1)
    pep257: D213 / Multi-line docstring summary should start at the second line
    pep257: D415 / First line should end with a period, question mark, or exclamation point (not 'r')
    pep257: D208 / Docstring is over-indented
  Line: 388
    pep8: E303 / too many blank lines (2) (col 5)
    pep8: E303 / too many blank lines (2) (col 5)
    pep8: E303 / too many blank lines (2) (col 5)
  Line: 393
    pep257: D201 / No blank lines allowed before function docstring (found 1)
    pep257: D202 / No blank lines allowed after function docstring (found 1)
    pep257: D213 / Multi-line docstring summary should start at the second line
    pep257: D415 / First line should end with a period, question mark, or exclamation point (not 'h')
    pep257: D208 / Docstring is over-indented
  Line: 420
    pep8: E303 / too many blank lines (3) (col 1)
    pep8: E303 / too many blank lines (3) (col 1)
    pep8: E303 / too many blank lines (3) (col 1)
  Line: 422
    pep257: D201 / No blank lines allowed before function docstring (found 1)
    pep257: D202 / No blank lines allowed after function docstring (found 1)
    pep257: D213 / Multi-line docstring summary should start at the second line
    pep257: D413 / Missing blank line after last section ('Parameters')
    pep257: D417 / Missing argument descriptions in the docstring (argument(s) config are missing descriptions in 'run_check_results' docstring)
  Line: 465
    pep8: E303 / too many blank lines (2) (col 5)
    pep8: E303 / too many blank lines (2) (col 5)
    pep8: E303 / too many blank lines (2) (col 5)

src\seodeploy\modules\example_module\__init__.py
  Line: 33
    pep257: D107 / Missing docstring in __init__
  Line: 40
    pep8: E303 / too many blank lines (2) (col 5)
    pep8: E303 / too many blank lines (2) (col 5)
    pep8: E303 / too many blank lines (2) (col 5)
    pylint: arguments-differ / Parameters differ from overridden 'run' method (col 4)
    pylint: arguments-differ / Parameters differ from overridden 'run' method (col 4)

src\seodeploy\modules\example_module\exceptions.py
  Line: 27
    pep257: D203 / 1 blank line required before class docstring (found 0)
    pep257: D204 / 1 blank line required after class docstring (found 0)

src\seodeploy\modules\headless\__init__.py
  Line: 29
    pyflakes: F401 / '.exceptions.IncorectConfigException' imported but unused (col 1)
  Line: 35
    pep257: D107 / Missing docstring in __init__
  Line: 62
    pep8: E303 / too many blank lines (2) (col 5)
    pep8: E303 / too many blank lines (2) (col 5)
    pep8: E303 / too many blank lines (2) (col 5)
  Line: 66
    pylint: undefined-variable / Undefined variable 'process_results' (col 20)
  Line: 70
    pylint: len-as-condition / Do not use `len(SEQUENCE)` without comparison to determine if a sequence is empty (col 18)
    pylint: len-as-condition / Do not use `len(SEQUENCE)` without comparison to determine if a sequence is empty (col 18)

src\seodeploy\modules\headless\exceptions.py
  Line: 27
    pep257: D203 / 1 blank line required before class docstring (found 0)
    pep257: D204 / 1 blank line required after class docstring (found 0)
  Line: 32
    pep257: D203 / 1 blank line required before class docstring (found 0)
    pep257: D204 / 1 blank line required after class docstring (found 0)
    pep257: D300 / Use """triple double quotes""" (found '''-quotes)
  Line: 33
    pylint: unnecessary-pass / Unnecessary pass statement (col 4)
    pylint: unnecessary-pass / Unnecessary pass statement (col 4)
  Line: 35
    pep8: E302 / expected 2 blank lines, found 1 (col 1)
    pep8: E302 / expected 2 blank lines, found 1 (col 1)
    pep8: E302 / expected 2 blank lines, found 1 (col 1)
  Line: 36
    pep257: D203 / 1 blank line required before class docstring (found 0)
    pep257: D204 / 1 blank line required after class docstring (found 0)
    pep257: D300 / Use """triple double quotes""" (found '''-quotes)
  Line: 37
    pylint: unnecessary-pass / Unnecessary pass statement (col 4)
    pylint: unnecessary-pass / Unnecessary pass statement (col 4)

src\seodeploy\modules\headless\functions.py
  Line: 37
    pep257: D200 / One-line docstring should fit on one line with quotes (found 3)
    pep257: D201 / No blank lines allowed before function docstring (found 1)
    pep257: D202 / No blank lines allowed after function docstring (found 1)
    pep257: D213 / Multi-line docstring summary should start at the second line
  Line: 47
    pylint: undefined-variable / Undefined variable 'urljoin' (col 14)
  Line: 60
    pep8: E303 / too many blank lines (3) (col 1)
    pep8: E303 / too many blank lines (3) (col 1)
    pep8: E303 / too many blank lines (3) (col 1)
  Line: 62
    pep257: D201 / No blank lines allowed before function docstring (found 1)
    pep257: D202 / No blank lines allowed after function docstring (found 1)
    pep257: D213 / Multi-line docstring summary should start at the second line
    pep257: D415 / First line should end with a period, question mark, or exclamation point (not 'e')
    pep257: D208 / Docstring is over-indented
  Line: 85
    pep8: E303 / too many blank lines (3) (col 1)
    pep8: E303 / too many blank lines (3) (col 1)
    pep8: E303 / too many blank lines (3) (col 1)
  Line: 87
    pep257: D201 / No blank lines allowed before function docstring (found 1)
    pep257: D202 / No blank lines allowed after function docstring (found 1)
    pep257: D213 / Multi-line docstring summary should start at the second line
    pep257: D413 / Missing blank line after last section ('Parameters')
    pep257: D417 / Missing argument descriptions in the docstring (argument(s) config, sample_paths are missing descriptions in 'run_render' docstring)
  Line: 101
    pylint: undefined-variable / Undefined variable 'tqdm' (col 17)
  Line: 107
    pep8: E303 / too many blank lines (2) (col 5)
    pep8: E303 / too many blank lines (2) (col 5)
    pep8: E303 / too many blank lines (2) (col 5)

src\seodeploy\modules\headless\helpers.py
  Line: None
    pep8: E101 / indentation contains mixed spaces and tabs (col 5)
  Line: 30
    pep8: E501 / line too long (130 > 120 characters) (col 121)
  Line: 35
    pep8: E501 / line too long (151 > 120 characters) (col 121)
  Line: 36
    pep8: E501 / line too long (164 > 120 characters) (col 121)
  Line: 37
    pep8: E501 / line too long (148 > 120 characters) (col 121)
  Line: 38
    pep8: E501 / line too long (148 > 120 characters) (col 121)
  Line: 39
    pep8: E501 / line too long (188 > 120 characters) (col 121)
  Line: 40
    pep8: E501 / line too long (165 > 120 characters) (col 121)
  Line: 41
    pep8: E501 / line too long (158 > 120 characters) (col 121)
  Line: 42
    pep8: E501 / line too long (159 > 120 characters) (col 121)
  Line: 43
    pep8: E501 / line too long (193 > 120 characters) (col 121)
  Line: 53
    pep8: W191 / indentation contains tabs (col 5)
    pep8: W191 / indentation contains tabs (col 5)
    pep8: W191 / indentation contains tabs (col 5)
  Line: 54
    pep8: W191 / indentation contains tabs (col 5)
    pep8: W191 / indentation contains tabs (col 5)
    pep8: W191 / indentation contains tabs (col 5)
  Line: 55
    pep8: W191 / indentation contains tabs (col 5)
    pep8: W191 / indentation contains tabs (col 5)
    pep8: W191 / indentation contains tabs (col 5)
  Line: 56
    pep8: W191 / indentation contains tabs (col 5)
    pep8: W191 / indentation contains tabs (col 5)
    pep8: W191 / indentation contains tabs (col 5)
  Line: 57
    pep8: W191 / indentation contains tabs (col 5)
    pep8: W191 / indentation contains tabs (col 5)
    pep8: W191 / indentation contains tabs (col 5)
  Line: 58
    pep8: W191 / indentation contains tabs (col 8)
    pep8: W191 / indentation contains tabs (col 8)
    pep8: W191 / indentation contains tabs (col 8)
  Line: 59
    pep8: W191 / indentation contains tabs (col 5)
    pep8: W191 / indentation contains tabs (col 5)
    pep8: W191 / indentation contains tabs (col 5)
  Line: 60
    pep8: W191 / indentation contains tabs (col 5)
    pep8: W191 / indentation contains tabs (col 5)
    pep8: W191 / indentation contains tabs (col 5)
  Line: 61
    pep8: W191 / indentation contains tabs (col 8)
    pep8: W191 / indentation contains tabs (col 8)
    pep8: W191 / indentation contains tabs (col 8)
  Line: 62
    pep8: W191 / indentation contains tabs (col 5)
    pep8: W191 / indentation contains tabs (col 5)
    pep8: W191 / indentation contains tabs (col 5)
  Line: 63
    pep8: W191 / indentation contains tabs (col 5)
    pep8: W191 / indentation contains tabs (col 5)
    pep8: W191 / indentation contains tabs (col 5)
  Line: 64
    pep8: W191 / indentation contains tabs (col 5)
    pep8: W191 / indentation contains tabs (col 5)
    pep8: W191 / indentation contains tabs (col 5)
  Line: 65
    pep8: W191 / indentation contains tabs (col 5)
    pep8: W191 / indentation contains tabs (col 5)
    pep8: W191 / indentation contains tabs (col 5)
  Line: 66
    pep8: W191 / indentation contains tabs (col 5)
    pep8: W191 / indentation contains tabs (col 5)
    pep8: W191 / indentation contains tabs (col 5)
  Line: 69
    pep8: W191 / indentation contains tabs (col 5)
    pep8: W191 / indentation contains tabs (col 5)
    pep8: W191 / indentation contains tabs (col 5)
  Line: 70
    pep8: W191 / indentation contains tabs (col 5)
    pep8: W191 / indentation contains tabs (col 5)
    pep8: W191 / indentation contains tabs (col 5)
  Line: 71
    pep8: W191 / indentation contains tabs (col 5)
    pep8: W191 / indentation contains tabs (col 5)
    pep8: W191 / indentation contains tabs (col 5)
  Line: 72
    pep8: W191 / indentation contains tabs (col 5)
    pep8: W191 / indentation contains tabs (col 5)
    pep8: W191 / indentation contains tabs (col 5)
  Line: 120
    pep8: E121 / continuation line under-indented for hanging indent (col 3)
    pep8: E121 / continuation line under-indented for hanging indent (col 3)
    pep8: E121 / continuation line under-indented for hanging indent (col 3)
  Line: 121
    pep8: E121 / continuation line under-indented for hanging indent (col 5)
    pep8: E121 / continuation line under-indented for hanging indent (col 5)
    pep8: E121 / continuation line under-indented for hanging indent (col 5)
  Line: 127
    pep8: E121 / continuation line under-indented for hanging indent (col 5)
    pep8: E121 / continuation line under-indented for hanging indent (col 5)
    pep8: E121 / continuation line under-indented for hanging indent (col 5)
  Line: 133
    pep8: E121 / continuation line under-indented for hanging indent (col 5)
    pep8: E121 / continuation line under-indented for hanging indent (col 5)
    pep8: E121 / continuation line under-indented for hanging indent (col 5)
  Line: 139
    pep8: E121 / continuation line under-indented for hanging indent (col 5)
    pep8: E121 / continuation line under-indented for hanging indent (col 5)
    pep8: E121 / continuation line under-indented for hanging indent (col 5)
  Line: 145
    pep8: E121 / continuation line under-indented for hanging indent (col 5)
    pep8: E121 / continuation line under-indented for hanging indent (col 5)
    pep8: E121 / continuation line under-indented for hanging indent (col 5)
  Line: 151
    pep8: E121 / continuation line under-indented for hanging indent (col 5)
    pep8: E121 / continuation line under-indented for hanging indent (col 5)
    pep8: E121 / continuation line under-indented for hanging indent (col 5)
  Line: 157
    pep8: E121 / continuation line under-indented for hanging indent (col 5)
    pep8: E121 / continuation line under-indented for hanging indent (col 5)
    pep8: E121 / continuation line under-indented for hanging indent (col 5)
  Line: 163
    pep8: E121 / continuation line under-indented for hanging indent (col 5)
    pep8: E121 / continuation line under-indented for hanging indent (col 5)
    pep8: E121 / continuation line under-indented for hanging indent (col 5)
  Line: 187
    pep8: W191 / indentation contains tabs (col 5)
    pep8: W191 / indentation contains tabs (col 5)
    pep8: W191 / indentation contains tabs (col 5)
  Line: 212
    pep8: E121 / continuation line under-indented for hanging indent (col 11)
    pep8: E121 / continuation line under-indented for hanging indent (col 11)
    pep8: E121 / continuation line under-indented for hanging indent (col 11)
  Line: 213
    pep8: E121 / continuation line under-indented for hanging indent (col 13)
    pep8: E121 / continuation line under-indented for hanging indent (col 13)
    pep8: E121 / continuation line under-indented for hanging indent (col 13)
  Line: 216
    pep8: E123 / closing bracket does not match indentation of opening bracket's line (col 13)
    pep8: E123 / closing bracket does not match indentation of opening bracket's line (col 13)
    pep8: E123 / closing bracket does not match indentation of opening bracket's line (col 13)
  Line: 219
    pep8: E121 / continuation line under-indented for hanging indent (col 13)
    pep8: E121 / continuation line under-indented for hanging indent (col 13)
    pep8: E121 / continuation line under-indented for hanging indent (col 13)
  Line: 222
    pep8: E123 / closing bracket does not match indentation of opening bracket's line (col 13)
    pep8: E123 / closing bracket does not match indentation of opening bracket's line (col 13)
    pep8: E123 / closing bracket does not match indentation of opening bracket's line (col 13)
  Line: 225
    pep8: E121 / continuation line under-indented for hanging indent (col 13)
    pep8: E121 / continuation line under-indented for hanging indent (col 13)
    pep8: E121 / continuation line under-indented for hanging indent (col 13)
  Line: 228
    pep8: E123 / closing bracket does not match indentation of opening bracket's line (col 13)
    pep8: E123 / closing bracket does not match indentation of opening bracket's line (col 13)
    pep8: E123 / closing bracket does not match indentation of opening bracket's line (col 13)
  Line: 233
    pylint: invalid-name / Argument name "r" doesn't conform to snake_case naming style
  Line: 235
    pep8: E231 / missing whitespace after ',' (col 10)
  Line: 249
    pylint: invalid-name / Variable name "ns" doesn't conform to snake_case naming style (col 4)
  Line: 250
    pep8: E226 / missing whitespace around arithmetic operator (col 16)
    pep8: E226 / missing whitespace around arithmetic operator (col 16)
    pep8: E226 / missing whitespace around arithmetic operator (col 16)
    pep8: E231 / missing whitespace after ':' (col 14)
  Line: 254
    pylint: too-many-locals / Too many local variables (18/15)
    pylint: too-many-locals / Too many local variables (18/15)
    pylint: unused-argument / Unused argument 'typ' (col 37)
    pylint: unused-argument / Unused argument 'typ' (col 37)
  Line: 256
    pep8: N806 / variable in function should be lowercase (col 5)
    pep8: N806 / variable in function should be lowercase (col 5)
    pep8: N806 / variable in function should be lowercase (col 5)
    pylint: invalid-name / Variable name "totalUnused" doesn't conform to snake_case naming style (col 4)
  Line: 257
    pep8: N806 / variable in function should be lowercase (col 5)
    pep8: N806 / variable in function should be lowercase (col 5)
    pep8: N806 / variable in function should be lowercase (col 5)
    pylint: invalid-name / Variable name "totalBytes" doesn't conform to snake_case naming style (col 4)
  Line: 264
    pep8: N806 / variable in function should be lowercase (col 9)
    pep8: N806 / variable in function should be lowercase (col 9)
    pep8: N806 / variable in function should be lowercase (col 9)
    pylint: invalid-name / Variable name "totalLength" doesn't conform to snake_case naming style (col 8)
  Line: 266
    pylint: redefined-builtin / Redefining built-in 'range' (col 12)
    pylint: redefined-builtin / Redefining built-in 'range' (col 12)
  Line: 269
    pep8: N806 / variable in function should be lowercase (col 13)
    pep8: N806 / variable in function should be lowercase (col 13)
    pep8: N806 / variable in function should be lowercase (col 13)
    pylint: invalid-name / Variable name "totalLength" doesn't conform to snake_case naming style (col 12)
  Line: 271
    pep8: E703 / statement ends with a semicolon (col 26)
  Line: 272
    pep8: E703 / statement ends with a semicolon (col 37)
  Line: 274
    pep8: N806 / variable in function should be lowercase (col 9)
    pep8: N806 / variable in function should be lowercase (col 9)
    pep8: N806 / variable in function should be lowercase (col 9)
    pep8: E703 / statement ends with a semicolon (col 64)
    pylint: invalid-name / Variable name "unusedPc" doesn't conform to snake_case naming style (col 8)
  Line: 276
    pep8: E231 / missing whitespace after ':' (col 30)
  Line: 278
    pep8: N806 / variable in function should be lowercase (col 9)
    pep8: N806 / variable in function should be lowercase (col 9)
    pep8: N806 / variable in function should be lowercase (col 9)
    pep8: E703 / statement ends with a semicolon (col 43)
    pylint: invalid-name / Variable name "totalUnused" doesn't conform to snake_case naming style (col 8)
  Line: 279
    pep8: N806 / variable in function should be lowercase (col 9)
    pep8: N806 / variable in function should be lowercase (col 9)
    pep8: N806 / variable in function should be lowercase (col 9)
    pep8: E703 / statement ends with a semicolon (col 40)
    pylint: invalid-name / Variable name "totalBytes" doesn't conform to snake_case naming style (col 8)
  Line: 282
    pep8: N806 / variable in function should be lowercase (col 5)
    pep8: E303 / too many blank lines (2) (col 5)
    pep8: N806 / variable in function should be lowercase (col 5)
    pep8: E303 / too many blank lines (2) (col 5)
    pep8: N806 / variable in function should be lowercase (col 5)
    pep8: E303 / too many blank lines (2) (col 5)
    pep8: E703 / statement ends with a semicolon (col 75)
    pylint: invalid-name / Variable name "totalUnusedPc" doesn't conform to snake_case naming style (col 4)
  Line: 284
    pep8: E202 / whitespace before '}' (col 129)
    pep8: E202 / whitespace before '}' (col 129)
    pep8: E202 / whitespace before '}' (col 129)
    pep8: E501 / line too long (130 > 120 characters) (col 121)
    pep8: E231 / missing whitespace after ':' (col 114)
  Line: 288
    pep8: N803 / argument name should be lowercase (col 5)
    pep8: E303 / too many blank lines (3) (col 1)
    pep8: N803 / argument name should be lowercase (col 5)
    pep8: E303 / too many blank lines (3) (col 1)
    pep8: N803 / argument name should be lowercase (col 5)
    pep8: E303 / too many blank lines (3) (col 1)
    pylint: invalid-name / Argument name "coverageJS" doesn't conform to snake_case naming style
  Line: 290
    pep8: N806 / variable in function should be lowercase (col 5)
    pep8: N806 / variable in function should be lowercase (col 5)
    pep8: N806 / variable in function should be lowercase (col 5)
    pep8: E703 / statement ends with a semicolon (col 64)
    pylint: invalid-name / Variable name "parsedJSCoverage" doesn't conform to snake_case naming style (col 4)
  Line: 291
    pep8: N806 / variable in function should be lowercase (col 5)
    pep8: N806 / variable in function should be lowercase (col 5)
    pep8: N806 / variable in function should be lowercase (col 5)
    pep8: E703 / statement ends with a semicolon (col 67)
    pylint: invalid-name / Variable name "parsedCSSCoverage" doesn't conform to snake_case naming style (col 4)
  Line: 293
    pep8: N806 / variable in function should be lowercase (col 5)
    pep8: N806 / variable in function should be lowercase (col 5)
    pep8: N806 / variable in function should be lowercase (col 5)
    pylint: invalid-name / Variable name "totalUnused" doesn't conform to snake_case naming style (col 4)
  Line: 294
    pep8: N806 / variable in function should be lowercase (col 5)
    pep8: N806 / variable in function should be lowercase (col 5)
    pep8: N806 / variable in function should be lowercase (col 5)
    pylint: invalid-name / Variable name "totalBytes" doesn't conform to snake_case naming style (col 4)
  Line: 295
    pep8: N806 / variable in function should be lowercase (col 5)
    pep8: E221 / multiple spaces before operator (col 35)
    pep8: N806 / variable in function should be lowercase (col 5)
    pep8: E221 / multiple spaces before operator (col 35)
    pep8: N806 / variable in function should be lowercase (col 5)
    pep8: E221 / multiple spaces before operator (col 35)
    pylint: invalid-name / Variable name "unusedPc" doesn't conform to snake_case naming style (col 4)

src\seodeploy\modules\headless\render.py
  Line: 27
    pylint: unused-import / Unused import threading
  Line: 30
    pep8: E261 / at least two spaces before inline comment (col 45)
    pep8: E261 / at least two spaces before inline comment (col 45)
    pep8: E261 / at least two spaces before inline comment (col 45)
  Line: 35
    pep8: E402 / module level import not at top of file (col 1)
    pep8: E402 / module level import not at top of file (col 1)
    pep8: E402 / module level import not at top of file (col 1)
    pylint: wrong-import-order / standard import "import os" should be placed before "import nest_asyncio"
    pylint: wrong-import-order / standard import "import os" should be placed before "import nest_asyncio"
    pylint: wrong-import-position / Import "import os" should be placed at the top of the module
    pylint: wrong-import-position / Import "import os" should be placed at the top of the module
  Line: 38
    pep8: E402 / module level import not at top of file (col 1)
    pep8: E402 / module level import not at top of file (col 1)
    pep8: E402 / module level import not at top of file (col 1)
    pylint: wrong-import-order / third party import "from pyppeteer.errors import NetworkError" should be placed before "from seodeploy.lib.logging import get_logger"
    pylint: wrong-import-order / third party import "from pyppeteer.errors import NetworkError" should be placed before "from seodeploy.lib.logging import get_logger"
    pylint: wrong-import-position / Import "from pyppeteer.errors import NetworkError" should be placed at the top of the module
    pylint: wrong-import-position / Import "from pyppeteer.errors import NetworkError" should be placed at the top of the module
  Line: 39
    pep8: E402 / module level import not at top of file (col 1)
    pep8: E402 / module level import not at top of file (col 1)
    pep8: E402 / module level import not at top of file (col 1)
    pylint: wrong-import-order / third party import "from pyppeteer import launch" should be placed before "from seodeploy.lib.logging import get_logger"
    pylint: wrong-import-order / third party import "from pyppeteer import launch" should be placed before "from seodeploy.lib.logging import get_logger"
    pylint: wrong-import-position / Import "from pyppeteer import launch" should be placed at the top of the module
    pylint: wrong-import-position / Import "from pyppeteer import launch" should be placed at the top of the module
  Line: 41
    pep8: E402 / module level import not at top of file (col 1)
    pep8: E402 / module level import not at top of file (col 1)
    pep8: E402 / module level import not at top of file (col 1)
    pylint: wrong-import-position / Import "from .exceptions import HeadlessException, URLMissingException" should be placed at the top of the module
    pylint: wrong-import-position / Import "from .exceptions import HeadlessException, URLMissingException" should be placed at the top of the module
    pylint: unused-import / Unused HeadlessException imported from exceptions
  Line: 42
    pep8: E402 / module level import not at top of file (col 1)
    pep8: E402 / module level import not at top of file (col 1)
    pep8: E402 / module level import not at top of file (col 1)
    pylint: unused-wildcard-import / Unused imports from wildcard import: parse_coverage_objects, reduce, quote_plus, parse_coverage_objects, reduce, quote_plus
    pylint: wrong-import-position / Import "from .helpers import *" should be placed at the top of the module
    pylint: wrong-import-position / Import "from .helpers import *" should be placed at the top of the module
    pylint: wildcard-import / Wildcard import helpers
  Line: 49
    pylint: expression-not-assigned / Expression "get_ipython().config" is assigned to nothing (col 4)
    pylint: expression-not-assigned / Expression "get_ipython().config" is assigned to nothing (col 4)
    pyflakes: F999 / 'get_ipython' may be undefined, or defined from star imports: .helpers (col 5)
  Line: 57
    pep257: D107 / Missing docstring in __init__
  Line: 70
    pep8: E303 / too many blank lines (2) (col 5)
    pep8: E303 / too many blank lines (2) (col 5)
    pep8: E303 / too many blank lines (2) (col 5)
  Line: 72
    pep8: E201 / whitespace after '(' (col 32)
    pep8: E201 / whitespace after '(' (col 32)
    pep8: E201 / whitespace after '(' (col 32)
    pylint: bad-whitespace / No space allowed after bracket
        browser = await launch( args=['--no-sandbox'],
                              ^ (col 30)
  Line: 74
    pep8: E124 / closing bracket does not match visual indentation (col 32)
    pep8: E124 / closing bracket does not match visual indentation (col 32)
    pep8: E124 / closing bracket does not match visual indentation (col 32)
  Line: 80
    pep8: E303 / too many blank lines (3) (col 5)
    pep8: E303 / too many blank lines (3) (col 5)
    pep8: E303 / too many blank lines (3) (col 5)
  Line: 87
    pyflakes: F999 / 'format_results' may be undefined, or defined from star imports: .helpers (col 39)
  Line: 91
    pep8: E265 / block comment should start with '# ' (col 17)
    pep8: E265 / block comment should start with '# ' (col 17)
    pep8: E265 / block comment should start with '# ' (col 17)
  Line: 93
    pylint: unnecessary-pass / Unnecessary pass statement (col 16)
    pylint: unnecessary-pass / Unnecessary pass statement (col 16)
  Line: 101
    pylint: broad-except / Catching too general exception Exception (col 19)
    pylint: broad-except / Catching too general exception Exception (col 19)
    pylint: invalid-name / Variable name "e" doesn't conform to snake_case naming style (col 12)
  Line: 112
    pep8: E303 / too many blank lines (2) (col 9)
    pep8: E303 / too many blank lines (2) (col 9)
    pep8: E303 / too many blank lines (2) (col 9)
  Line: 116
    pep8: E303 / too many blank lines (3) (col 5)
    pep8: E303 / too many blank lines (3) (col 5)
    pep8: E303 / too many blank lines (3) (col 5)
  Line: 126
    pyflakes: F999 / 'EXTRACTIONS' may be undefined, or defined from star imports: .helpers (col 32)
  Line: 140
    pep8: E303 / too many blank lines (2) (col 5)
    pep8: E303 / too many blank lines (2) (col 5)
    pep8: E303 / too many blank lines (2) (col 5)
  Line: 143
    pep8: E261 / at least two spaces before inline comment (col 43)
    pep8: E261 / at least two spaces before inline comment (col 43)
    pep8: E261 / at least two spaces before inline comment (col 43)
  Line: 144
    pyflakes: F999 / 'USER_AGENT' may be undefined, or defined from star imports: .helpers (col 38)
  Line: 146
    pyflakes: F999 / 'DOCUMENT_SCRIPTS' may be undefined, or defined from star imports: .helpers (col 47)
  Line: 148
    pep8: E703 / statement ends with a semicolon (col 64)
  Line: 151
    pyflakes: F999 / 'NETWORK_PRESETS' may be undefined, or defined from star imports: .helpers (col 68)
  Line: 154
    pep8: E703 / statement ends with a semicolon (col 53)
  Line: 165
    pep8: E703 / statement ends with a semicolon (col 38)
  Line: 168
    pep8: E303 / too many blank lines (2) (col 5)
    pep8: E303 / too many blank lines (2) (col 5)
    pep8: E303 / too many blank lines (2) (col 5)
  Line: 174
    pep8: E303 / too many blank lines (2) (col 5)
    pep8: E303 / too many blank lines (2) (col 5)
    pep8: E303 / too many blank lines (2) (col 5)
  Line: 175
    pep8: E501 / line too long (154 > 120 characters) (col 121)
  Line: 180
    pep8: E303 / too many blank lines (2) (col 5)
    pep8: E303 / too many blank lines (2) (col 5)
    pep8: E303 / too many blank lines (2) (col 5)
  Line: 189
    pep8: E703 / statement ends with a semicolon (col 72)
  Line: 190
    pyflakes: F999 / 'parse_numerical_dict' may be undefined, or defined from star imports: .helpers (col 41)
    pep8: E501 / line too long (132 > 120 characters) (col 121)
    pep8: E231 / missing whitespace after ':' (col 72)
  Line: 193
    pep8: E501 / line too long (122 > 120 characters) (col 121)
  Line: 194
    pyflakes: F999 / 'parse_numerical_dict' may be undefined, or defined from star imports: .helpers (col 29)
  Line: 198
    pyflakes: F999 / 'parse_numerical_dict' may be undefined, or defined from star imports: .helpers (col 33)
  Line: 203
    pep8: E303 / too many blank lines (2) (col 5)
    pep8: E303 / too many blank lines (2) (col 5)
    pep8: E303 / too many blank lines (2) (col 5)
  Line: 207
    pep8: E501 / line too long (123 > 120 characters) (col 121)
  Line: 208
    pep8: E501 / line too long (134 > 120 characters) (col 121)
  Line: 214
    pep8: E123 / closing bracket does not match indentation of opening bracket's line (col 21)
    pep8: E123 / closing bracket does not match indentation of opening bracket's line (col 21)
    pep8: E123 / closing bracket does not match indentation of opening bracket's line (col 21)
  Line: 222
    pylint: unnecessary-comprehension / Unnecessary use of a comprehension
    pylint: unnecessary-comprehension / Unnecessary use of a comprehension
    pep8: E231 / missing whitespace after ':' (col 18)
  Line: 225
    pep8: E303 / too many blank lines (2) (col 5)
    pep8: E303 / too many blank lines (2) (col 5)
    pep8: E303 / too many blank lines (2) (col 5)
  Line: 226
    pyflakes: F999 / 'parse_coverage' may be undefined, or defined from star imports: .helpers (col 16)



Check Information
=================
         Started: 2020-05-30 17:34:10.957009
        Finished: 2020-05-30 17:34:28.521155
      Time Taken: 17.56 seconds
       Formatter: grouped
        Profiles: .prospector.yaml, full_pep8, doc_warnings, no_test_warnings, strictness_high, strictness_veryhigh, no_member_warnings
      Strictness: from profile
  Libraries Used: 
       Tools Run: dodgy, mccabe, pep257, pep8, profile-validator, pyflakes, pylint, pyroma
  Messages Found: 632

