Navigating to: https://gofishdigital.com/ 

{
  "page_data": {
    "content": {
      "canonical": [
        {
          "element": "/html/head/link[2]",
          "content": "https://gofishdigital.com/"
        }
      ],
      "robots": [
        {
          "element": "/html/head/meta[5]",
          "content": "max-snippet:-1, max-image-preview:large, max-video-preview:-1"
        }
      ],
      "title": [
        {
          "element": "/html/head/title",
          "content": "Go Fish Digital - Online Reputation Management and Digital Marketing Agency."
        }
      ],
      "meta_description": [
        {
          "element": "/html/head/meta[4]",
          "content": "Go Fish Digital is a Washington DC based Digital Marketing Agency specializing in Online Reputation Management, Search Engine Optimization, Website Development, Social Media Marketing and more."
        }
      ],
      "h1": [
        {
          "element": "/html/body/div[1]/div/header/article/h1",
          "content": "Word of mouth is digital - lead the conversation"
        }
      ],
      "h2": [
        {
          "element": "/html/body/div[3]/h2",
          "content": "Our Work"
        },
        {
          "element": "/html/body/section[2]/h2",
          "content": "Blog"
        },
        {
          "element": "/html/body/section[3]/div/h2",
          "content": "Contact us"
        }
      ],
      "links": [
        {
          "element": "/html/body/div[1]/nav/div/a",
          "content": {
            "href": "https://gofishdigital.com/#",
            "text": "Toggle Menu",
            "rel": ""
          }
        },
        {
          "element": "/html/body/div[1]/nav/div/ul/li[1]/a",
          "content": {
            "href": "https://gofishdigital.com/about-us/",
            "text": "About Us",
            "rel": ""
          }
        },
        {
          "element": "/html/body/div[1]/nav/div/ul/li[2]/a",
          "content": {
            "href": "https://gofishdigital.com/services/",
            "text": "Services",
            "rel": ""
          }
        },
        {
          "element": "/html/body/div[1]/nav/div/ul/li[2]/ul/li[1]/a",
          "content": {
            "href": "https://gofishdigital.com/search-engine-optimization/",
            "text": "Search Engine Optimization",
            "rel": ""
          }
        },
        {
          "element": "/html/body/div[1]/nav/div/ul/li[2]/ul/li[2]/a",
          "content": {
            "href": "https://gofishdigital.com/content-marketing/",
            "text": "Content Marketing",
            "rel": ""
          }
        },
        {
          "element": "/html/body/div[1]/nav/div/ul/li[2]/ul/li[3]/a",
          "content": {
            "href": "https://gofishdigital.com/online-reputation-management/",
            "text": "Online Reputation Management",
            "rel": ""
          }
        },
        {
          "element": "/html/body/div[1]/nav/div/ul/li[2]/ul/li[4]/a",
          "content": {
            "href": "https://gofishdigital.com/influencer-marketing/",
            "text": "Influencer Marketing",
            "rel": ""
          }
        },
        {
          "element": "/html/body/div[1]/nav/div/ul/li[2]/ul/li[5]/a",
          "content": {
            "href": "https://gofishdigital.com/website-design-and-development/",
            "text": "Web Design & Development",
            "rel": ""
          }
        },
        {
          "element": "/html/body/div[1]/nav/div/ul/li[2]/ul/li[6]/a",
          "content": {
            "href": "https://gofishdigital.com/search-engine-marketing/",
            "text": "Search Engine Marketing",
            "rel": ""
          }
        },
        {
          "element": "/html/body/div[1]/nav/div/ul/li[2]/ul/li[7]/a",
          "content": {
            "href": "https://gofishdigital.com/conversion-rate-optimization/",
            "text": "Conversion Rate Optimization",
            "rel": ""
          }
        },
        {
          "element": "/html/body/div[1]/nav/div/ul/li[3]/a",
          "content": {
            "href": "https://gofishdigital.com/careers/",
            "text": "Careers",
            "rel": ""
          }
        },
        {
          "element": "/html/body/div[1]/nav/div/ul/li[4]/a",
          "content": {
            "href": "https://gofishdigital.com/blog/",
            "text": "Blog",
            "rel": ""
          }
        },
        {
          "element": "/html/body/div[1]/nav/div/ul/li[5]/a",
          "content": {
            "href": "https://gofishdigital.com/contact-us/",
            "text": "Contact",
            "rel": ""
          }
        },
        {
          "element": "/html/body/div[1]/nav/a[1]",
          "content": {
            "href": "https://gofishdigital.com/",
            "text": "GoFish Digital",
            "rel": ""
          }
        },
        {
          "element": "/html/body/div[1]/nav/a[2]",
          "content": {
            "href": "https://gofishdigital.com/",
            "text": "GoFish Digital",
            "rel": ""
          }
        },
        {
          "element": "/html/body/div[1]/nav/ul/li[1]/a",
          "content": {
            "href": "https://gofishdigital.com/about-us/",
            "text": "About Us",
            "rel": ""
          }
        },
        {
          "element": "/html/body/div[1]/nav/ul/li[2]/a",
          "content": {
            "href": "https://gofishdigital.com/services/",
            "text": "Services",
            "rel": ""
          }
        },
        {
          "element": "/html/body/div[1]/nav/ul/li[2]/ul/li[1]/a",
          "content": {
            "href": "https://gofishdigital.com/search-engine-optimization/",
            "text": "Search Engine Optimization",
            "rel": ""
          }
        },
        {
          "element": "/html/body/div[1]/nav/ul/li[2]/ul/li[2]/a",
          "content": {
            "href": "https://gofishdigital.com/content-marketing/",
            "text": "Content Marketing",
            "rel": ""
          }
        },
        {
          "element": "/html/body/div[1]/nav/ul/li[2]/ul/li[3]/a",
          "content": {
            "href": "https://gofishdigital.com/online-reputation-management/",
            "text": "Online Reputation Management",
            "rel": ""
          }
        },
        {
          "element": "/html/body/div[1]/nav/ul/li[2]/ul/li[4]/a",
          "content": {
            "href": "https://gofishdigital.com/influencer-marketing/",
            "text": "Influencer Marketing",
            "rel": ""
          }
        },
        {
          "element": "/html/body/div[1]/nav/ul/li[2]/ul/li[5]/a",
          "content": {
            "href": "https://gofishdigital.com/website-design-and-development/",
            "text": "Web Design & Development",
            "rel": ""
          }
        },
        {
          "element": "/html/body/div[1]/nav/ul/li[2]/ul/li[6]/a",
          "content": {
            "href": "https://gofishdigital.com/search-engine-marketing/",
            "text": "Search Engine Marketing",
            "rel": ""
          }
        },
        {
          "element": "/html/body/div[1]/nav/ul/li[2]/ul/li[7]/a",
          "content": {
            "href": "https://gofishdigital.com/conversion-rate-optimization/",
            "text": "Conversion Rate Optimization",
            "rel": ""
          }
        },
        {
          "element": "/html/body/div[1]/nav/ul/li[3]/a",
          "content": {
            "href": "https://gofishdigital.com/careers/",
            "text": "Careers",
            "rel": ""
          }
        },
        {
          "element": "/html/body/div[1]/nav/ul/li[4]/a",
          "content": {
            "href": "https://gofishdigital.com/blog/",
            "text": "Blog",
            "rel": ""
          }
        },
        {
          "element": "/html/body/div[1]/nav/ul/li[5]/a",
          "content": {
            "href": "https://gofishdigital.com/contact-us/",
            "text": "Contact",
            "rel": ""
          }
        },
        {
          "element": "/html/body/div[1]/div/header/article/p/a",
          "content": {
            "href": "https://gofishdigital.com/services/",
            "text": "Get Started",
            "rel": ""
          }
        },
        {
          "element": "/html/body/div[2]/section/div[1]/a",
          "content": {
            "href": "https://gofishdigital.com/search-engine-optimization/",
            "text": "Learn More",
            "rel": ""
          }
        },
        {
          "element": "/html/body/div[2]/section/div[2]/a",
          "content": {
            "href": "https://gofishdigital.com/online-reputation-management/",
            "text": "Learn More",
            "rel": ""
          }
        },
        {
          "element": "/html/body/div[2]/section/div[3]/a",
          "content": {
            "href": "https://gofishdigital.com/website-design-and-development/",
            "text": "Learn More",
            "rel": ""
          }
        },
        {
          "element": "/html/body/div[2]/section/div[4]/a",
          "content": {
            "href": "https://gofishdigital.com/content-marketing/",
            "text": "Learn More",
            "rel": ""
          }
        },
        {
          "element": "/html/body/div[2]/section/div[5]/a",
          "content": {
            "href": "https://gofishdigital.com/search-engine-marketing/",
            "text": "Learn More",
            "rel": ""
          }
        },
        {
          "element": "/html/body/div[2]/section/div[6]/a",
          "content": {
            "href": "https://gofishdigital.com/conversion-rate-optimization/",
            "text": "Learn More",
            "rel": ""
          }
        },
        {
          "element": "/html/body/section[1]/article/a",
          "content": {
            "href": "https://gofishdigital.com/about-us/",
            "text": "Meet the team >",
            "rel": ""
          }
        },
        {
          "element": "/html/body/div[3]/div/p/a[1]",
          "content": {
            "href": "https://gofishdigital.com/#",
            "text": "\u25c4 Previous Case Study",
            "rel": ""
          }
        },
        {
          "element": "/html/body/div[3]/div/p/a[2]",
          "content": {
            "href": "https://gofishdigital.com/#",
            "text": "Next Case Study \u25ba",
            "rel": ""
          }
        },
        {
          "element": "/html/body/div[3]/div/div/div[1]/div[2]/article/p[1]/span/a",
          "content": {
            "href": "https://www.caprelo.com/",
            "text": "CapRelo",
            "rel": "noopener"
          }
        },
        {
          "element": "/html/body/div[3]/div/div/div[1]/div[2]/article/p[3]/a",
          "content": {
            "href": "https://gofishdigital.com/case-study/olympics-campaign-garners-international-coverage-caprelo/#how-we-did-it",
            "text": "Launch Project",
            "rel": ""
          }
        },
        {
          "element": "/html/body/div[3]/div/div/div[1]/div[2]/p[2]/a",
          "content": {
            "href": "https://gofishdigital.com/case-studies/",
            "text": "View All Case Studies",
            "rel": ""
          }
        },
        {
          "element": "/html/body/div[3]/div/div/div[2]/div[2]/article/p[1]/span/a",
          "content": {
            "href": "https://simpletexting.com/",
            "text": "SimpleTexting",
            "rel": "noopener"
          }
        },
        {
          "element": "/html/body/div[3]/div/div/div[2]/div[2]/article/p[3]/a",
          "content": {
            "href": "https://gofishdigital.com/case-study/large-gains-traffic-leads-sms-marketing-software/#how-we-did-it",
            "text": "Launch Project",
            "rel": ""
          }
        },
        {
          "element": "/html/body/div[3]/div/div/div[2]/div[2]/p[2]/a",
          "content": {
            "href": "https://gofishdigital.com/case-studies/",
            "text": "View All Case Studies",
            "rel": ""
          }
        },
        {
          "element": "/html/body/div[3]/div/div/div[3]/div[2]/article/p[1]/a",
          "content": {
            "href": "https://versusreviews.com/",
            "text": "Versus Reviews",
            "rel": "noopener"
          }
        },
        {
          "element": "/html/body/div[3]/div/div/div[3]/div[2]/article/p[3]/a",
          "content": {
            "href": "https://gofishdigital.com/case-study/versus-reviews/#how-we-did-it",
            "text": "Launch Project",
            "rel": ""
          }
        },
        {
          "element": "/html/body/div[3]/div/div/div[3]/div[2]/p[2]/a",
          "content": {
            "href": "https://gofishdigital.com/case-studies/",
            "text": "View All Case Studies",
            "rel": ""
          }
        },
        {
          "element": "/html/body/div[3]/div/div/div[4]/div[2]/article/p[1]/a",
          "content": {
            "href": "https://bellaellaboutique.com/",
            "text": "Bella Ella Boutique",
            "rel": "noopener"
          }
        },
        {
          "element": "/html/body/div[3]/div/div/div[4]/div[2]/article/p[3]/a",
          "content": {
            "href": "https://gofishdigital.com/case-study/clothing-retailer-doubles-website-traffic/#how-we-did-it",
            "text": "Launch Project",
            "rel": ""
          }
        },
        {
          "element": "/html/body/div[3]/div/div/div[4]/div[2]/p[2]/a",
          "content": {
            "href": "https://gofishdigital.com/case-studies/",
            "text": "View All Case Studies",
            "rel": ""
          }
        },
        {
          "element": "/html/body/div[3]/div/div/div[5]/div[2]/article/p[1]/a",
          "content": {
            "href": "https://www.brilliantearth.com/",
            "text": "Brilliant Earth",
            "rel": ""
          }
        },
        {
          "element": "/html/body/div[3]/div/div/div[5]/div[2]/article/p[3]/a",
          "content": {
            "href": "https://gofishdigital.com/case-study/brilliant-earth-reaches-millions-through-viral-video/#how-we-did-it",
            "text": "Launch Project ",
            "rel": ""
          }
        },
        {
          "element": "/html/body/div[3]/div/div/div[5]/div[2]/p[2]/a",
          "content": {
            "href": "https://gofishdigital.com/case-studies/",
            "text": "View All Case Studies",
            "rel": ""
          }
        },
        {
          "element": "/html/body/div[3]/div/div/div[6]/div[2]/article/p[3]/a",
          "content": {
            "href": "https://gofishdigital.com/case-study/online-trading-academy-smart-investment-seo/#how-we-did-it",
            "text": "Launch Project",
            "rel": ""
          }
        },
        {
          "element": "/html/body/div[3]/div/div/div[6]/div[2]/p[2]/a",
          "content": {
            "href": "https://gofishdigital.com/case-studies/",
            "text": "View All Case Studies",
            "rel": ""
          }
        },
        {
          "element": "/html/body/div[3]/div/div/div[7]/div[2]/article/p[3]/a",
          "content": {
            "href": "https://gofishdigital.com/case-study/top-google-rankings-dc-luxury-apartments-96-occupancy-first-year/#how-we-did-it",
            "text": "Launch Project",
            "rel": ""
          }
        },
        {
          "element": "/html/body/div[3]/div/div/div[7]/div[2]/p[2]/a",
          "content": {
            "href": "https://gofishdigital.com/case-studies/",
            "text": "View All Case Studies",
            "rel": ""
          }
        },
        {
          "element": "/html/body/section[2]/div/div/div[1]/div/a",
          "content": {
            "href": "https://gofishdigital.com/native-application-vertical-search-engine/",
            "text": "Read On >",
            "rel": ""
          }
        },
        {
          "element": "/html/body/section[2]/div/div/div[2]/div/a",
          "content": {
            "href": "https://gofishdigital.com/handoff-pitch-to-team-member/",
            "text": "Read On >",
            "rel": ""
          }
        },
        {
          "element": "/html/body/section[2]/div/div/div[3]/div/a",
          "content": {
            "href": "https://gofishdigital.com/common-link-building-questions/",
            "text": "Read On >",
            "rel": ""
          }
        },
        {
          "element": "/html/body/section[2]/div/div/div[4]/div/a",
          "content": {
            "href": "https://gofishdigital.com/classify-offensive-content/",
            "text": "Read On >",
            "rel": ""
          }
        },
        {
          "element": "/html/body/section[2]/div/div/div[5]/div/a",
          "content": {
            "href": "https://gofishdigital.com/google-alerts-monitoring-media-mentions-for-free/",
            "text": "Read On >",
            "rel": ""
          }
        },
        {
          "element": "/html/body/section[2]/div/div/div[6]/div/a",
          "content": {
            "href": "https://gofishdigital.com/clear-concise-copy-during-covid19/",
            "text": "Read On >",
            "rel": ""
          }
        },
        {
          "element": "/html/body/section[3]/div/div/article/div/div/div/p[2]/a",
          "content": {
            "href": "mailto:info@gofishdigital.com",
            "text": "info@gofishdigital.com",
            "rel": ""
          }
        },
        {
          "element": "/html/body/section[3]/div/div/article/div/div/div/h4[1]/a",
          "content": {
            "href": "https://gofishdigital.com/dc/",
            "text": "Virginia, Maryland, DC",
            "rel": ""
          }
        },
        {
          "element": "/html/body/section[3]/div/div/article/div/div/div/h4[2]/a",
          "content": {
            "href": "https://gofishdigital.com/raleigh/",
            "text": "Raleigh",
            "rel": ""
          }
        },
        {
          "element": "/html/body/footer/a",
          "content": {
            "href": "https://gofishdigital.com/",
            "text": "GoFishDigital",
            "rel": ""
          }
        },
        {
          "element": "/html/body/footer/ul/li[1]/a",
          "content": {
            "href": "https://gofishdigital.com/about-us/",
            "text": "About Us",
            "rel": ""
          }
        },
        {
          "element": "/html/body/footer/ul/li[2]/a",
          "content": {
            "href": "https://gofishdigital.com/services/",
            "text": "Services",
            "rel": ""
          }
        },
        {
          "element": "/html/body/footer/ul/li[2]/ul/li[1]/a",
          "content": {
            "href": "https://gofishdigital.com/search-engine-optimization/",
            "text": "Search Engine Optimization",
            "rel": ""
          }
        },
        {
          "element": "/html/body/footer/ul/li[2]/ul/li[2]/a",
          "content": {
            "href": "https://gofishdigital.com/content-marketing/",
            "text": "Content Marketing",
            "rel": ""
          }
        },
        {
          "element": "/html/body/footer/ul/li[2]/ul/li[3]/a",
          "content": {
            "href": "https://gofishdigital.com/online-reputation-management/",
            "text": "Online Reputation Management",
            "rel": ""
          }
        },
        {
          "element": "/html/body/footer/ul/li[2]/ul/li[4]/a",
          "content": {
            "href": "https://gofishdigital.com/influencer-marketing/",
            "text": "Influencer Marketing",
            "rel": ""
          }
        },
        {
          "element": "/html/body/footer/ul/li[2]/ul/li[5]/a",
          "content": {
            "href": "https://gofishdigital.com/website-design-and-development/",
            "text": "Web Design & Development",
            "rel": ""
          }
        },
        {
          "element": "/html/body/footer/ul/li[2]/ul/li[6]/a",
          "content": {
            "href": "https://gofishdigital.com/search-engine-marketing/",
            "text": "Search Engine Marketing",
            "rel": ""
          }
        },
        {
          "element": "/html/body/footer/ul/li[2]/ul/li[7]/a",
          "content": {
            "href": "https://gofishdigital.com/conversion-rate-optimization/",
            "text": "Conversion Rate Optimization",
            "rel": ""
          }
        },
        {
          "element": "/html/body/footer/ul/li[3]/a",
          "content": {
            "href": "https://gofishdigital.com/careers/",
            "text": "Careers",
            "rel": ""
          }
        },
        {
          "element": "/html/body/footer/ul/li[4]/a",
          "content": {
            "href": "https://gofishdigital.com/blog/",
            "text": "Blog",
            "rel": ""
          }
        },
        {
          "element": "/html/body/footer/ul/li[5]/a",
          "content": {
            "href": "https://gofishdigital.com/contact-us/",
            "text": "Contact",
            "rel": ""
          }
        },
        {
          "element": "/html/body/footer/p[1]/a[1]",
          "content": {
            "href": "https://www.facebook.com/GoFishDigital",
            "text": "Facebook",
            "rel": ""
          }
        },
        {
          "element": "/html/body/footer/p[1]/a[2]",
          "content": {
            "href": "http://twitter.com/gofishdigital",
            "text": "Twitter",
            "rel": ""
          }
        },
        {
          "element": "/html/body/footer/p[1]/a[3]",
          "content": {
            "href": "https://www.linkedin.com/company/go-fish-digital",
            "text": "LinkedIn",
            "rel": ""
          }
        },
        {
          "element": "/html/body/footer/p[1]/a[4]",
          "content": {
            "href": "https://plus.google.com/+Gofishdigital/posts",
            "text": "GooglePlus",
            "rel": ""
          }
        },
        {
          "element": "/html/body/footer/p[1]/a[5]",
          "content": {
            "href": "mailto:info@gofishdigital.com",
            "text": "Email",
            "rel": ""
          }
        },
        {
          "element": "/html/body/footer/div[2]/a",
          "content": {
            "href": "http://gofishdigital.com/privacy-policy/",
            "text": "Privacy Policy",
            "rel": ""
          }
        }
      ],
      "images": [
        {
          "element": "/html/body/div[1]/div/header/article/div[3]/ul/li[1]/img",
          "content": {
            "src": "https://gofishdigital.com/wp-content/uploads/airbnb-horizontal-125.png",
            "alt": ""
          }
        },
        {
          "element": "/html/body/div[1]/div/header/article/div[3]/ul/li[2]/img",
          "content": {
            "src": "https://gofishdigital.com/wp-content/uploads/ford-125.png",
            "alt": ""
          }
        },
        {
          "element": "/html/body/div[1]/div/header/article/div[3]/ul/li[3]/img",
          "content": {
            "src": "https://gofishdigital.com/wp-content/uploads/header-client-logo-1.png",
            "alt": ""
          }
        },
        {
          "element": "/html/body/div[1]/div/header/article/div[3]/ul/li[4]/img",
          "content": {
            "src": "https://gofishdigital.com/wp-content/uploads/header-client-logo-2.png",
            "alt": ""
          }
        },
        {
          "element": "/html/body/div[1]/div/header/article/div[3]/ul/li[5]/img",
          "content": {
            "src": "https://gofishdigital.com/wp-content/uploads/header-client-logo-3.png",
            "alt": ""
          }
        },
        {
          "element": "/html/body/div[1]/div/header/article/div[3]/ul/li[6]/img",
          "content": {
            "src": "https://gofishdigital.com/wp-content/uploads/symantec_LOGO.png",
            "alt": ""
          }
        },
        {
          "element": "/html/body/div[1]/div/header/article/div[3]/ul/li[7]/img",
          "content": {
            "src": "https://gofishdigital.com/wp-content/uploads/monster-energy-logo.png",
            "alt": ""
          }
        },
        {
          "element": "/html/body/div[1]/div/header/article/div[3]/ul/li[8]/img",
          "content": {
            "src": "https://gofishdigital.com/wp-content/uploads/header-client-logo-8.png",
            "alt": ""
          }
        },
        {
          "element": "/html/body/div[2]/section/div[1]/figure/img",
          "content": {
            "src": "https://gofishdigital.com/wp-content/themes/ngfd/assets/build/img/icons/nhmi-seo.png",
            "alt": "Search Engine Optimization icon"
          }
        },
        {
          "element": "/html/body/div[2]/section/div[2]/figure/img",
          "content": {
            "src": "https://gofishdigital.com/wp-content/themes/ngfd/assets/build/img/icons/nhmi-orm.png",
            "alt": "Online Reputation Management icon"
          }
        },
        {
          "element": "/html/body/div[2]/section/div[3]/figure/img",
          "content": {
            "src": "https://gofishdigital.com/wp-content/themes/ngfd/assets/build/img/icons/nhmi-web-design.png",
            "alt": "Web Design & Development icon"
          }
        },
        {
          "element": "/html/body/div[2]/section/div[4]/figure/img",
          "content": {
            "src": "https://gofishdigital.com/wp-content/themes/ngfd/assets/build/img/icons/nhmi-content.png",
            "alt": "Content marketing icon"
          }
        },
        {
          "element": "/html/body/div[2]/section/div[5]/figure/img",
          "content": {
            "src": "https://gofishdigital.com/wp-content/themes/ngfd/assets/build/img/icons/SEM-icn.png",
            "alt": "Search engine marketing icon"
          }
        },
        {
          "element": "/html/body/div[2]/section/div[6]/figure/img",
          "content": {
            "src": "https://gofishdigital.com/wp-content/themes/ngfd/assets/build/img/icons/CRO-icn.png",
            "alt": "Conversion rate optimization icon"
          }
        },
        {
          "element": "/html/body/div[3]/div/div/div[1]/div[1]/img",
          "content": {
            "src": "https://gofishdigital.com/wp-content/uploads/summaryCapRelo.jpg",
            "alt": "tldr brief summary thumbnail"
          }
        },
        {
          "element": "/html/body/div[3]/div/div/div[2]/div[1]/img",
          "content": {
            "src": "https://gofishdigital.com/wp-content/uploads/gofishstudy3.jpeg",
            "alt": "tldr brief summary thumbnail"
          }
        },
        {
          "element": "/html/body/div[3]/div/div/div[3]/div[1]/img",
          "content": {
            "src": "https://gofishdigital.com/wp-content/uploads/summaryCocktails.jpg",
            "alt": "tldr brief summary thumbnail"
          }
        },
        {
          "element": "/html/body/div[3]/div/div/div[4]/div[1]/img",
          "content": {
            "src": "https://gofishdigital.com/wp-content/uploads/summaryImage.jpg",
            "alt": "tldr brief summary thumbnail"
          }
        },
        {
          "element": "/html/body/div[3]/div/div/div[5]/div[1]/img",
          "content": {
            "src": "https://gofishdigital.com/wp-content/uploads/BrilliantEarth_CaseStudy-02.png",
            "alt": "tldr brief summary thumbnail"
          }
        },
        {
          "element": "/html/body/div[3]/div/div/div[6]/div[1]/img",
          "content": {
            "src": "https://gofishdigital.com/wp-content/uploads/OTA-homepage-and-single-v1-.jpg",
            "alt": "tldr brief summary thumbnail"
          }
        },
        {
          "element": "/html/body/div[3]/div/div/div[7]/div[1]/img",
          "content": {
            "src": "https://gofishdigital.com/wp-content/uploads/PVN-homepage-and-single-v1-.jpg",
            "alt": "tldr brief summary thumbnail"
          }
        }
      ],
      "schema": [
        {
          "element": "/html/head/script[10]",
          "content": {
            "@context": "https://schema.org",
            "@graph": [
              {
                "@type": "Organization",
                "@id": "https://gofishdigital.com/#organization",
                "name": "Go Fish Digital",
                "url": "https://gofishdigital.com/",
                "sameAs": [
                  "https://www.facebook.com/GoFishDigital/",
                  "https://www.linkedin.com/company/go-fish-digital",
                  "https://www.youtube.com/user/GoFishDigital",
                  "https://www.pinterest.com/gofishdigital/",
                  "https://twitter.com/GoFishDigital"
                ],
                "logo": {
                  "@type": "ImageObject",
                  "@id": "https://gofishdigital.com/#logo",
                  "url": "https://gofishdigital.com/wp-content/uploads/gfd-regular.png",
                  "width": 411,
                  "height": 247,
                  "caption": "Go Fish Digital"
                },
                "image": {
                  "@id": "https://gofishdigital.com/#logo"
                }
              },
              {
                "@type": "WebSite",
                "@id": "https://gofishdigital.com/#website",
                "url": "https://gofishdigital.com/",
                "name": "Go Fish Digital",
                "publisher": {
                  "@id": "https://gofishdigital.com/#organization"
                },
                "potentialAction": {
                  "@type": "SearchAction",
                  "target": "https://gofishdigital.com/?s={search_term_string}",
                  "query-input": "required name=search_term_string"
                }
              },
              {
                "@type": "CollectionPage",
                "@id": "https://gofishdigital.com/#webpage",
                "url": "https://gofishdigital.com/",
                "inLanguage": "en-US",
                "name": "Go Fish Digital - Online Reputation Management and Digital Marketing Agency.",
                "isPartOf": {
                  "@id": "https://gofishdigital.com/#website"
                },
                "about": {
                  "@id": "https://gofishdigital.com/#organization"
                },
                "description": "Go Fish Digital is a Washington DC based Digital Marketing Agency specializing in Online Reputation Management, Search Engine Optimization, Website Development, Social Media Marketing and more."
              }
            ]
          }
        }
      ]
    },
    "performance": {
      "nodes": 1466,
      "resources": 81,
      "layout_duration": 0.16,
      "recalc_style_duration": 0.2,
      "script_duration": 0.28,
      "v8_compile_duration": 0.05,
      "task_duration": 1.31,
      "task_other_duration": 0.43,
      "thread_time": 1.36,
      "jd_heap_used_size": 4116552,
      "js_heap_total_size": 5697536,
      "time_to_first_byte": 337,
      "first_paint": 3478.8,
      "first_contentful_paint": 3478.8,
      "largest_contentful_paint": 22304.19,
      "time_to_interactive": 8941,
      "dom_content_loaded": 8941,
      "dom_complete": 33741,
      "cumulative_layout_shift": 0.0
    },
    "coverage": {
      "summary": {
        "total_unused": 1274478,
        "total_bytes": 1274478,
        "unused_pc": 1274478
      },
      "css": {
        "total_unused": 571597,
        "total_bytes": 571597,
        "unused_pc": 571597
      },
      "js": {
        "total_unused": 702881,
        "total_bytes": 702881,
        "unused_pc": 702881
      }
    }
  },
  "error": null
}
